[17:13:02] INFO =======================================================
[17:13:02] INFO Intermediate Waypoint Extractor — BIW Recovery Framework
[17:13:02] INFO Started: 2026-06-25T17:13:02.610621
[17:13:02] INFO Robot : Doosan Robotics M1013 White
[17:13:02] INFO Frame : Doosan Robotics M1013 White Base
[17:13:02] INFO Speed : 30.0 mm/s
[17:13:02] INFO 
[PHASE 1] Inspection path intermediates
[17:13:02] INFO 
=======================================================
[17:13:02] INFO Processing: INSP_Target 11a\u2192Target 11 (2 intermediates)
[17:13:02] INFO   Cartesian distance: 33.7 mm
[17:13:02] INFO   From joints: [-79.94, 39.05, 31.62, -135.47, 90.72, 179.99]
[17:13:02] INFO   To   joints: [-79.95, 39.06, 31.62, 60.41, -91.58, -0.0]
[17:13:02] INFO 
  -- Intermediate 1: IW_Target11a_Target11_1
[17:13:02] INFO      Joint config : [-79.9433, 39.0533, 31.62, -70.1767, 29.9533, 119.9933]
[17:13:02] INFO      XYZ ref (lin): [99.3, -886.8, 891.3]
[17:13:02] INFO      FK TCP XYZ   : (156.8, -1012.0, 834.3)
[17:13:02] INFO [LIMIT OK] IW_Target11a_Target11_1: joints within safe range
[17:13:02] INFO [WORKSPACE OK] IW_Target11a_Target11_1: XYZ=(156.8,-1012.0,834.3)
[17:13:02] INFO [TARGET ADDED] IW_Target11a_Target11_1 added to RoboDK station
[17:13:02] INFO 
  -- Intermediate 2: IW_Target11a_Target11_2
[17:13:02] INFO      Joint config : [-79.9467, 39.0567, 31.62, -4.8833, -30.8133, 59.9967]
[17:13:02] INFO      XYZ ref (lin): [93.0, -890.3, 882.7]
[17:13:02] INFO      FK TCP XYZ   : (213.0, -973.6, 911.6)
[17:13:02] INFO [LIMIT OK] IW_Target11a_Target11_2: joints within safe range
[17:13:02] INFO [WORKSPACE OK] IW_Target11a_Target11_2: XYZ=(213.0,-973.6,911.6)
[17:13:03] INFO [TARGET ADDED] IW_Target11a_Target11_2 added to RoboDK station
[17:13:03] INFO 
=======================================================
[17:13:03] INFO Processing: INSP_Target 13\u2192Target 15 (2 intermediates)
[17:13:03] INFO   Cartesian distance: 277.0 mm
[17:13:03] INFO   From joints: [-69.98, 29.07, 45.1, -125.11, -91.3, -0.0]
[17:13:03] INFO   To   joints: [-69.97, 29.05, 67.2, -66.2, 52.6, -0.0]
[17:13:03] INFO 
  -- Intermediate 1: IW_Target13_Target15_1
[17:13:03] INFO      Joint config : [-69.9767, 29.0633, 52.4667, -105.4733, -43.3333, -0.0]
[17:13:03] INFO      XYZ ref (lin): [367.8, -801.3, 715.2]
[17:13:03] INFO      FK TCP XYZ   : (431.0, -848.1, 767.8)
[17:13:03] INFO [LIMIT OK] IW_Target13_Target15_1: joints within safe range
[17:13:03] INFO [WORKSPACE OK] IW_Target13_Target15_1: XYZ=(431.0,-848.1,767.8)
[17:13:03] INFO [TARGET ADDED] IW_Target13_Target15_1 added to RoboDK station
[17:13:03] INFO 
  -- Intermediate 2: IW_Target13_Target15_2
[17:13:03] INFO      Joint config : [-69.9733, 29.0567, 59.8333, -85.8367, 4.6333, -0.0]
[17:13:03] INFO      XYZ ref (lin): [317.3, -844.6, 651.1]
[17:13:03] INFO      FK TCP XYZ   : (359.1, -912.8, 706.9)
[17:13:03] INFO [LIMIT OK] IW_Target13_Target15_2: joints within safe range
[17:13:03] WARNING [SINGULARITY RISK] IW_Target13_Target15_2: J5=4.63 deg (near 0)
[17:13:03] INFO [WORKSPACE OK] IW_Target13_Target15_2: XYZ=(359.1,-912.8,706.9)
[17:13:03] INFO [TARGET ADDED] IW_Target13_Target15_2 added to RoboDK station
[17:13:03] INFO 
=======================================================
[17:13:03] INFO Processing: INSP_Target 18\u2192Target 2 (3 intermediates)
[17:13:03] INFO   Cartesian distance: 399.1 mm
[17:13:03] INFO   From joints: [-78.97, 31.05, 57.2, -64.21, 115.61, -0.0]
[17:13:03] INFO   To   joints: [-84.1, -1.24, 85.62, -5.39, -74.98, -0.0]
[17:13:03] INFO 
  -- Intermediate 1: IW_Target18_Target2_1
[17:13:03] INFO      Joint config : [-80.2525, 22.9775, 64.305, -49.505, 67.9625, -0.0]
[17:13:03] INFO      XYZ ref (lin): [97.6, -757.2, 725.3]
[17:13:03] INFO      FK TCP XYZ   : (93.7, -845.5, 679.2)
[17:13:03] INFO [LIMIT OK] IW_Target18_Target2_1: joints within safe range
[17:13:03] INFO [WORKSPACE OK] IW_Target18_Target2_1: XYZ=(93.7,-845.5,679.2)
[17:13:03] INFO [TARGET ADDED] IW_Target18_Target2_1 added to RoboDK station
[17:13:03] INFO 
  -- Intermediate 2: IW_Target18_Target2_2
[17:13:03] INFO      Joint config : [-81.535, 14.905, 71.41, -34.8, 20.315, -0.0]
[17:13:03] INFO      XYZ ref (lin): [99.4, -689.8, 798.8]
[17:13:03] INFO      FK TCP XYZ   : (133.0, -822.2, 760.4)
[17:13:03] INFO [LIMIT OK] IW_Target18_Target2_2: joints within safe range
[17:13:03] INFO [WORKSPACE OK] IW_Target18_Target2_2: XYZ=(133.0,-822.2,760.4)
[17:13:03] INFO [TARGET ADDED] IW_Target18_Target2_2 added to RoboDK station
[17:13:03] INFO 
  -- Intermediate 3: IW_Target18_Target2_3
[17:13:03] INFO      Joint config : [-82.8175, 6.8325, 78.515, -20.095, -27.3325, -0.0]
[17:13:03] INFO      XYZ ref (lin): [101.3, -622.4, 872.4]
[17:13:03] INFO      FK TCP XYZ   : (144.9, -721.4, 874.2)
[17:13:03] INFO [LIMIT OK] IW_Target18_Target2_3: joints within safe range
[17:13:03] INFO [WORKSPACE OK] IW_Target18_Target2_3: XYZ=(144.9,-721.4,874.2)
[17:13:03] INFO [TARGET ADDED] IW_Target18_Target2_3 added to RoboDK station
[17:13:03] INFO 
=======================================================
[17:13:03] INFO Processing: INSP_Target 3\u2192Target 4 (3 intermediates)
[17:13:03] INFO   Cartesian distance: 393.2 mm
[17:13:03] INFO   From joints: [-84.1, 23.61, 65.36, -5.39, -74.98, -0.0]
[17:13:03] INFO   To   joints: [-69.98, 31.07, 64.63, -116.44, -33.36, -0.0]
[17:13:03] INFO 
  -- Intermediate 1: IW_Target3_Target4_1
[17:13:03] INFO      Joint config : [-80.57, 25.475, 65.1775, -33.1525, -64.575, -0.0]
[17:13:03] INFO      XYZ ref (lin): [203.9, -841.2, 782.8]
[17:13:03] INFO      FK TCP XYZ   : (237.0, -851.3, 796.7)
[17:13:03] INFO [LIMIT OK] IW_Target3_Target4_1: joints within safe range
[17:13:03] INFO [WORKSPACE OK] IW_Target3_Target4_1: XYZ=(237.0,-851.3,796.7)
[17:13:03] INFO [TARGET ADDED] IW_Target3_Target4_1 added to RoboDK station
[17:13:03] INFO 
  -- Intermediate 2: IW_Target3_Target4_2
[17:13:03] INFO      Joint config : [-77.04, 27.34, 64.995, -60.915, -54.17, -0.0]
[17:13:03] INFO      XYZ ref (lin): [276.5, -855.1, 718.0]
[17:13:03] INFO      FK TCP XYZ   : (322.6, -865.7, 725.2)
[17:13:03] INFO [LIMIT OK] IW_Target3_Target4_2: joints within safe range
[17:13:03] INFO [WORKSPACE OK] IW_Target3_Target4_2: XYZ=(322.6,-865.7,725.2)
[17:13:03] INFO [TARGET ADDED] IW_Target3_Target4_2 added to RoboDK station
[17:13:03] INFO 
  -- Intermediate 3: IW_Target3_Target4_3
[17:13:03] INFO      Joint config : [-73.51, 29.205, 64.8125, -88.6775, -43.765, -0.0]
[17:13:03] INFO      XYZ ref (lin): [349.1, -868.9, 653.3]
[17:13:03] INFO      FK TCP XYZ   : (382.3, -874.9, 650.3)
[17:13:03] INFO [LIMIT OK] IW_Target3_Target4_3: joints within safe range
[17:13:03] INFO [WORKSPACE OK] IW_Target3_Target4_3: XYZ=(382.3,-874.9,650.3)
[17:13:03] INFO [TARGET ADDED] IW_Target3_Target4_3 added to RoboDK station
[17:13:03] INFO 
=======================================================
[17:13:03] INFO Processing: INSP_Target 8a\u2192Target 9 (2 intermediates)
[17:13:03] INFO   Cartesian distance: 339.6 mm
[17:13:03] INFO   From joints: [-69.97, 33.06, 45.85, -44.33, -69.18, -0.0]
[17:13:03] INFO   To   joints: [-79.97, 39.07, 31.63, 72.41, -49.3, -0.0]
[17:13:03] INFO 
  -- Intermediate 1: IW_Target8a_Target9_1
[17:13:03] INFO      Joint config : [-73.3033, 35.0633, 41.11, -5.4167, -62.5533, -0.0]
[17:13:03] INFO      XYZ ref (lin): [319.4, -872.1, 868.5]
[17:13:03] INFO      FK TCP XYZ   : (309.3, -875.7, 910.7)
[17:13:03] INFO [LIMIT OK] IW_Target8a_Target9_1: joints within safe range
[17:13:03] INFO [WORKSPACE OK] IW_Target8a_Target9_1: XYZ=(309.3,-875.7,910.7)
[17:13:03] INFO [TARGET ADDED] IW_Target8a_Target9_1 added to RoboDK station
[17:13:03] INFO 
  -- Intermediate 2: IW_Target8a_Target9_2
[17:13:03] INFO      Joint config : [-76.6367, 37.0667, 36.37, 33.4967, -55.9267, -0.0]
[17:13:03] INFO      XYZ ref (lin): [219.3, -925.0, 869.7]
[17:13:03] INFO      FK TCP XYZ   : (199.5, -929.7, 906.0)
[17:13:03] INFO [LIMIT OK] IW_Target8a_Target9_2: joints within safe range
[17:13:03] INFO [WORKSPACE OK] IW_Target8a_Target9_2: XYZ=(199.5,-929.7,906.0)
[17:13:03] INFO [TARGET ADDED] IW_Target8a_Target9_2 added to RoboDK station
[17:13:03] INFO 
=======================================================
[17:13:03] INFO Processing: INSP_Target 6\u2192Target 7 (2 intermediates)
[17:13:03] INFO   Cartesian distance: 270.5 mm
[17:13:03] INFO   From joints: [-69.98, 31.07, 61.63, -116.44, -1.36, -0.0]
[17:13:03] INFO   To   joints: [-69.98, 29.07, 41.63, -101.44, -11.36, -0.0]
[17:13:03] INFO 
  -- Intermediate 1: IW_Target6_Target7_1
[17:13:03] INFO      Joint config : [-69.98, 30.4033, 54.9633, -111.44, -4.6933, -0.0]
[17:13:03] INFO      XYZ ref (lin): [376.9, -905.9, 738.1]
[17:13:03] INFO      FK TCP XYZ   : (380.5, -916.6, 738.5)
[17:13:03] INFO [LIMIT OK] IW_Target6_Target7_1: joints within safe range
[17:13:03] WARNING [SINGULARITY RISK] IW_Target6_Target7_1: J5=-4.69 deg (near 0)
[17:13:03] INFO [WORKSPACE OK] IW_Target6_Target7_1: XYZ=(380.5,-916.6,738.5)
[17:13:03] INFO [TARGET ADDED] IW_Target6_Target7_1 added to RoboDK station
[17:13:03] INFO 
  -- Intermediate 2: IW_Target6_Target7_2
[17:13:03] INFO      Joint config : [-69.98, 29.7367, 48.2967, -106.44, -8.0267, -0.0]
[17:13:03] INFO      XYZ ref (lin): [377.0, -885.8, 826.0]
[17:13:03] INFO      FK TCP XYZ   : (380.6, -896.5, 826.9)
[17:13:03] INFO [LIMIT OK] IW_Target6_Target7_2: joints within safe range
[17:13:03] INFO [WORKSPACE OK] IW_Target6_Target7_2: XYZ=(380.6,-896.5,826.9)
[17:13:03] INFO [TARGET ADDED] IW_Target6_Target7_2 added to RoboDK station
[17:13:03] INFO 
[PHASE 2] Retreat path intermediates
[17:13:03] INFO 
=======================================================
[17:13:03] INFO Processing: RET_Target 11\u2192Target 7 (2 intermediates)
[17:13:03] INFO   Cartesian distance: 294.4 mm
[17:13:03] INFO   From joints: [-79.95, 39.06, 31.62, 60.41, -91.58, -0.0]
[17:13:03] INFO   To   joints: [-69.98, 29.07, 41.63, -101.44, -11.36, -0.0]
[17:13:03] INFO 
  -- Intermediate 1: IW_Target11_Target7_1
[17:13:03] INFO      Joint config : [-76.6267, 35.73, 34.9567, 6.46, -64.84, -0.0]
[17:13:03] INFO      XYZ ref (lin): [183.4, -884.5, 887.4]
[17:13:03] INFO      FK TCP XYZ   : (230.2, -872.6, 960.4)
[17:13:03] INFO [LIMIT OK] IW_Target11_Target7_1: joints within safe range
[17:13:03] INFO [WORKSPACE OK] IW_Target11_Target7_1: XYZ=(230.2,-872.6,960.4)
[17:13:04] INFO [TARGET ADDED] IW_Target11_Target7_1 added to RoboDK station
[17:13:04] INFO 
  -- Intermediate 2: IW_Target11_Target7_2
[17:13:04] INFO      Joint config : [-73.3033, 32.4, 38.2933, -47.49, -38.1, -0.0]
[17:13:04] INFO      XYZ ref (lin): [280.2, -875.0, 900.6]
[17:13:04] INFO      FK TCP XYZ   : (353.8, -867.9, 939.9)
[17:13:04] INFO [LIMIT OK] IW_Target11_Target7_2: joints within safe range
[17:13:04] INFO [WORKSPACE OK] IW_Target11_Target7_2: XYZ=(353.8,-867.9,939.9)
[17:13:04] INFO [TARGET ADDED] IW_Target11_Target7_2 added to RoboDK station
[17:13:04] INFO 
=======================================================
[17:13:04] INFO Processing: RET_Target 7\u2192Target 4 (2 intermediates)
[17:13:04] INFO   Cartesian distance: 328.9 mm
[17:13:04] INFO   From joints: [-69.98, 29.07, 41.63, -101.44, -11.36, -0.0]
[17:13:04] INFO   To   joints: [-69.98, 31.07, 64.63, -116.44, -33.36, -0.0]
[17:13:04] INFO 
  -- Intermediate 1: IW_Target7_Target4_1
[17:13:04] INFO      Joint config : [-69.98, 29.7367, 49.2967, -106.44, -18.6933, -0.0]
[17:13:04] INFO      XYZ ref (lin): [391.9, -871.3, 805.4]
[17:13:04] INFO      FK TCP XYZ   : (399.8, -887.7, 808.2)
[17:13:04] INFO [LIMIT OK] IW_Target7_Target4_1: joints within safe range
[17:13:04] INFO [WORKSPACE OK] IW_Target7_Target4_1: XYZ=(399.8,-887.7,808.2)
[17:13:04] INFO [TARGET ADDED] IW_Target7_Target4_1 added to RoboDK station
[17:13:04] INFO 
  -- Intermediate 2: IW_Target7_Target4_2
[17:13:04] INFO      Joint config : [-69.98, 30.4033, 56.9633, -111.44, -26.0267, -0.0]
[17:13:04] INFO      XYZ ref (lin): [406.9, -877.0, 697.0]
[17:13:04] INFO      FK TCP XYZ   : (414.9, -893.6, 698.5)
[17:13:04] INFO [LIMIT OK] IW_Target7_Target4_2: joints within safe range
[17:13:04] INFO [WORKSPACE OK] IW_Target7_Target4_2: XYZ=(414.9,-893.6,698.5)
[17:13:04] INFO [TARGET ADDED] IW_Target7_Target4_2 added to RoboDK station
[17:13:04] INFO 
=======================================================
[17:13:04] INFO Processing: RET_Target 4\u2192Target 1 (2 intermediates)
[17:13:04] INFO   Cartesian distance: 970.5 mm
[17:13:04] INFO   From joints: [-69.98, 31.07, 64.63, -116.44, -33.36, -0.0]
[17:13:04] INFO   To   joints: [0.0, -0.0, 90.0, 0.0, -0.0, -0.0]
[17:13:04] INFO 
  -- Intermediate 1: IW_Target4_Target1_1
[17:13:04] INFO      Joint config : [-46.6533, 20.7133, 73.0867, -77.6267, -22.24, -0.0]
[17:13:04] INFO      XYZ ref (lin): [507.9, -577.0, 649.8]
[17:13:04] INFO      FK TCP XYZ   : (668.2, -592.4, 697.7)
[17:13:04] INFO [LIMIT OK] IW_Target4_Target1_1: joints within safe range
[17:13:04] INFO [WORKSPACE OK] IW_Target4_Target1_1: XYZ=(668.2,-592.4,697.7)
[17:13:04] INFO [TARGET ADDED] IW_Target4_Target1_1 added to RoboDK station
[17:13:04] INFO 
  -- Intermediate 2: IW_Target4_Target1_2
[17:13:04] INFO      Joint config : [-23.3267, 10.3567, 81.5433, -38.8133, -11.12, -0.0]
[17:13:04] INFO      XYZ ref (lin): [593.9, -271.3, 711.2]
[17:13:04] INFO      FK TCP XYZ   : (744.3, -267.5, 758.1)
[17:13:04] INFO [LIMIT OK] IW_Target4_Target1_2: joints within safe range
[17:13:04] INFO [WORKSPACE OK] IW_Target4_Target1_2: XYZ=(744.3,-267.5,758.1)
[17:13:04] INFO [TARGET ADDED] IW_Target4_Target1_2 added to RoboDK station
[17:13:04] INFO 
[SAVED] intermediate_waypoints.json
[17:13:16] INFO 
=======================================================
[17:13:16] INFO MOTION VALIDATION — moving through intermediates
[17:13:16] INFO Watch RoboDK for collisions. Press ENTER for each pair.
[17:24:31] INFO =======================================================
[17:24:31] INFO Intermediate Waypoint Extractor — BIW Recovery Framework
[17:24:31] INFO Started: 2026-06-25T17:24:31.960362
[17:24:32] INFO Robot : Doosan Robotics M1013 White
[17:24:32] INFO Frame : Doosan Robotics M1013 White Base
[17:24:32] INFO Speed : 30.0 mm/s
[17:24:32] INFO 
[PHASE 1] Inspection path intermediates
[17:24:32] INFO 
=======================================================
[17:24:32] INFO Processing: INSP_Target 11a\u2192Target 11 (2 intermediates)
[17:24:32] INFO   Cartesian distance: 33.7 mm
[17:24:32] INFO   From joints: [-79.94, 39.05, 31.62, -135.47, 90.72, 179.99]
[17:24:32] INFO   To   joints: [-79.95, 39.06, 31.62, 60.41, -91.58, -0.0]
[17:24:32] INFO 
  -- Intermediate 1: IW_Target11a_Target11_1
[17:24:32] INFO      Joint config : [-79.9433, 39.0533, 31.62, -70.1767, 29.9533, 119.9933]
[17:24:32] INFO      XYZ ref (lin): [99.3, -886.8, 891.3]
[17:24:32] INFO      FK TCP XYZ   : (156.8, -1012.0, 834.3)
[17:24:32] INFO [LIMIT OK] IW_Target11a_Target11_1: joints within safe range
[17:24:32] INFO [WORKSPACE OK] IW_Target11a_Target11_1: XYZ=(156.8,-1012.0,834.3)
[17:24:32] INFO [TARGET ADDED] IW_Target11a_Target11_1 added to RoboDK station
[17:24:32] INFO 
  -- Intermediate 2: IW_Target11a_Target11_2
[17:24:32] INFO      Joint config : [-79.9467, 39.0567, 31.62, -4.8833, -30.8133, 59.9967]
[17:24:32] INFO      XYZ ref (lin): [93.0, -890.3, 882.7]
[17:24:32] INFO      FK TCP XYZ   : (213.0, -973.6, 911.6)
[17:24:32] INFO [LIMIT OK] IW_Target11a_Target11_2: joints within safe range
[17:24:32] INFO [WORKSPACE OK] IW_Target11a_Target11_2: XYZ=(213.0,-973.6,911.6)
[17:24:32] INFO [TARGET ADDED] IW_Target11a_Target11_2 added to RoboDK station
[17:24:32] INFO 
=======================================================
[17:24:32] INFO Processing: INSP_Target 13\u2192Target 15 (2 intermediates)
[17:24:32] INFO   Cartesian distance: 277.0 mm
[17:24:32] INFO   From joints: [-69.98, 29.07, 45.1, -125.11, -91.3, -0.0]
[17:24:32] INFO   To   joints: [-69.97, 29.05, 67.2, -66.2, 52.6, -0.0]
[17:24:32] INFO 
  -- Intermediate 1: IW_Target13_Target15_1
[17:24:32] INFO      Joint config : [-69.9767, 29.0633, 52.4667, -105.4733, -43.3333, -0.0]
[17:24:32] INFO      XYZ ref (lin): [367.8, -801.3, 715.2]
[17:24:32] INFO      FK TCP XYZ   : (431.0, -848.1, 767.8)
[17:24:32] INFO [LIMIT OK] IW_Target13_Target15_1: joints within safe range
[17:24:32] INFO [WORKSPACE OK] IW_Target13_Target15_1: XYZ=(431.0,-848.1,767.8)
[17:24:32] INFO [TARGET ADDED] IW_Target13_Target15_1 added to RoboDK station
[17:24:32] INFO 
  -- Intermediate 2: IW_Target13_Target15_2
[17:24:32] INFO      Joint config : [-69.9733, 29.0567, 59.8333, -85.8367, 4.6333, -0.0]
[17:24:32] INFO      XYZ ref (lin): [317.3, -844.6, 651.1]
[17:24:32] INFO      FK TCP XYZ   : (359.1, -912.8, 706.9)
[17:24:32] INFO [LIMIT OK] IW_Target13_Target15_2: joints within safe range
[17:24:32] WARNING [SINGULARITY RISK] IW_Target13_Target15_2: J5=4.63 deg (near 0)
[17:24:32] INFO [WORKSPACE OK] IW_Target13_Target15_2: XYZ=(359.1,-912.8,706.9)
[17:24:32] INFO [TARGET ADDED] IW_Target13_Target15_2 added to RoboDK station
[17:24:32] INFO 
=======================================================
[17:24:32] INFO Processing: INSP_Target 18\u2192Target 2 (3 intermediates)
[17:24:32] INFO   Cartesian distance: 399.1 mm
[17:24:32] INFO   From joints: [-78.97, 31.05, 57.2, -64.21, 115.61, -0.0]
[17:24:32] INFO   To   joints: [-84.1, -1.24, 85.62, -5.39, -74.98, -0.0]
[17:24:32] INFO 
  -- Intermediate 1: IW_Target18_Target2_1
[17:24:32] INFO      Joint config : [-80.2525, 22.9775, 64.305, -49.505, 67.9625, -0.0]
[17:24:32] INFO      XYZ ref (lin): [97.6, -757.2, 725.3]
[17:24:32] INFO      FK TCP XYZ   : (93.7, -845.5, 679.2)
[17:24:32] INFO [LIMIT OK] IW_Target18_Target2_1: joints within safe range
[17:24:32] INFO [WORKSPACE OK] IW_Target18_Target2_1: XYZ=(93.7,-845.5,679.2)
[17:24:32] INFO [TARGET ADDED] IW_Target18_Target2_1 added to RoboDK station
[17:24:32] INFO 
  -- Intermediate 2: IW_Target18_Target2_2
[17:24:32] INFO      Joint config : [-81.535, 14.905, 71.41, -34.8, 20.315, -0.0]
[17:24:32] INFO      XYZ ref (lin): [99.4, -689.8, 798.8]
[17:24:32] INFO      FK TCP XYZ   : (133.0, -822.2, 760.4)
[17:24:32] INFO [LIMIT OK] IW_Target18_Target2_2: joints within safe range
[17:24:32] INFO [WORKSPACE OK] IW_Target18_Target2_2: XYZ=(133.0,-822.2,760.4)
[17:24:32] INFO [TARGET ADDED] IW_Target18_Target2_2 added to RoboDK station
[17:24:32] INFO 
  -- Intermediate 3: IW_Target18_Target2_3
[17:24:32] INFO      Joint config : [-82.8175, 6.8325, 78.515, -20.095, -27.3325, -0.0]
[17:24:32] INFO      XYZ ref (lin): [101.3, -622.4, 872.4]
[17:24:32] INFO      FK TCP XYZ   : (144.9, -721.4, 874.2)
[17:24:32] INFO [LIMIT OK] IW_Target18_Target2_3: joints within safe range
[17:24:32] INFO [WORKSPACE OK] IW_Target18_Target2_3: XYZ=(144.9,-721.4,874.2)
[17:24:32] INFO [TARGET ADDED] IW_Target18_Target2_3 added to RoboDK station
[17:24:32] INFO 
=======================================================
[17:24:32] INFO Processing: INSP_Target 3\u2192Target 4 (3 intermediates)
[17:24:32] INFO   Cartesian distance: 393.2 mm
[17:24:32] INFO   From joints: [-84.1, 23.61, 65.36, -5.39, -74.98, -0.0]
[17:24:32] INFO   To   joints: [-69.98, 31.07, 64.63, -116.44, -33.36, -0.0]
[17:24:32] INFO 
  -- Intermediate 1: IW_Target3_Target4_1
[17:24:32] INFO      Joint config : [-80.57, 25.475, 65.1775, -33.1525, -64.575, -0.0]
[17:24:32] INFO      XYZ ref (lin): [203.9, -841.2, 782.8]
[17:24:32] INFO      FK TCP XYZ   : (237.0, -851.3, 796.7)
[17:24:32] INFO [LIMIT OK] IW_Target3_Target4_1: joints within safe range
[17:24:32] INFO [WORKSPACE OK] IW_Target3_Target4_1: XYZ=(237.0,-851.3,796.7)
[17:24:32] INFO [TARGET ADDED] IW_Target3_Target4_1 added to RoboDK station
[17:24:32] INFO 
  -- Intermediate 2: IW_Target3_Target4_2
[17:24:32] INFO      Joint config : [-77.04, 27.34, 64.995, -60.915, -54.17, -0.0]
[17:24:32] INFO      XYZ ref (lin): [276.5, -855.1, 718.0]
[17:24:32] INFO      FK TCP XYZ   : (322.6, -865.7, 725.2)
[17:24:32] INFO [LIMIT OK] IW_Target3_Target4_2: joints within safe range
[17:24:32] INFO [WORKSPACE OK] IW_Target3_Target4_2: XYZ=(322.6,-865.7,725.2)
[17:24:32] INFO [TARGET ADDED] IW_Target3_Target4_2 added to RoboDK station
[17:24:32] INFO 
  -- Intermediate 3: IW_Target3_Target4_3
[17:24:32] INFO      Joint config : [-73.51, 29.205, 64.8125, -88.6775, -43.765, -0.0]
[17:24:32] INFO      XYZ ref (lin): [349.1, -868.9, 653.3]
[17:24:32] INFO      FK TCP XYZ   : (382.3, -874.9, 650.3)
[17:24:32] INFO [LIMIT OK] IW_Target3_Target4_3: joints within safe range
[17:24:32] INFO [WORKSPACE OK] IW_Target3_Target4_3: XYZ=(382.3,-874.9,650.3)
[17:24:33] INFO [TARGET ADDED] IW_Target3_Target4_3 added to RoboDK station
[17:24:33] INFO 
=======================================================
[17:24:33] INFO Processing: INSP_Target 8a\u2192Target 9 (2 intermediates)
[17:24:33] INFO   Cartesian distance: 339.6 mm
[17:24:33] INFO   From joints: [-69.97, 33.06, 45.85, -44.33, -69.18, -0.0]
[17:24:33] INFO   To   joints: [-79.97, 39.07, 31.63, 72.41, -49.3, -0.0]
[17:24:33] INFO 
  -- Intermediate 1: IW_Target8a_Target9_1
[17:24:33] INFO      Joint config : [-73.3033, 35.0633, 41.11, -5.4167, -62.5533, -0.0]
[17:24:33] INFO      XYZ ref (lin): [319.4, -872.1, 868.5]
[17:24:33] INFO      FK TCP XYZ   : (309.3, -875.7, 910.7)
[17:24:33] INFO [LIMIT OK] IW_Target8a_Target9_1: joints within safe range
[17:24:33] INFO [WORKSPACE OK] IW_Target8a_Target9_1: XYZ=(309.3,-875.7,910.7)
[17:24:33] INFO [TARGET ADDED] IW_Target8a_Target9_1 added to RoboDK station
[17:24:33] INFO 
  -- Intermediate 2: IW_Target8a_Target9_2
[17:24:33] INFO      Joint config : [-76.6367, 37.0667, 36.37, 33.4967, -55.9267, -0.0]
[17:24:33] INFO      XYZ ref (lin): [219.3, -925.0, 869.7]
[17:24:33] INFO      FK TCP XYZ   : (199.5, -929.7, 906.0)
[17:24:33] INFO [LIMIT OK] IW_Target8a_Target9_2: joints within safe range
[17:24:33] INFO [WORKSPACE OK] IW_Target8a_Target9_2: XYZ=(199.5,-929.7,906.0)
[17:24:33] INFO [TARGET ADDED] IW_Target8a_Target9_2 added to RoboDK station
[17:24:33] INFO 
=======================================================
[17:24:33] INFO Processing: INSP_Target 6\u2192Target 7 (2 intermediates)
[17:24:33] INFO   Cartesian distance: 270.5 mm
[17:24:33] INFO   From joints: [-69.98, 31.07, 61.63, -116.44, -1.36, -0.0]
[17:24:33] INFO   To   joints: [-69.98, 29.07, 41.63, -101.44, -11.36, -0.0]
[17:24:33] INFO 
  -- Intermediate 1: IW_Target6_Target7_1
[17:24:33] INFO      Joint config : [-69.98, 30.4033, 54.9633, -111.44, -4.6933, -0.0]
[17:24:33] INFO      XYZ ref (lin): [376.9, -905.9, 738.1]
[17:24:33] INFO      FK TCP XYZ   : (380.5, -916.6, 738.5)
[17:24:33] INFO [LIMIT OK] IW_Target6_Target7_1: joints within safe range
[17:24:33] WARNING [SINGULARITY RISK] IW_Target6_Target7_1: J5=-4.69 deg (near 0)
[17:24:33] INFO [WORKSPACE OK] IW_Target6_Target7_1: XYZ=(380.5,-916.6,738.5)
[17:24:33] INFO [TARGET ADDED] IW_Target6_Target7_1 added to RoboDK station
[17:24:33] INFO 
  -- Intermediate 2: IW_Target6_Target7_2
[17:24:33] INFO      Joint config : [-69.98, 29.7367, 48.2967, -106.44, -8.0267, -0.0]
[17:24:33] INFO      XYZ ref (lin): [377.0, -885.8, 826.0]
[17:24:33] INFO      FK TCP XYZ   : (380.6, -896.5, 826.9)
[17:24:33] INFO [LIMIT OK] IW_Target6_Target7_2: joints within safe range
[17:24:33] INFO [WORKSPACE OK] IW_Target6_Target7_2: XYZ=(380.6,-896.5,826.9)
[17:24:33] INFO [TARGET ADDED] IW_Target6_Target7_2 added to RoboDK station
[17:24:33] INFO 
[PHASE 2] Retreat path intermediates
[17:24:33] INFO 
=======================================================
[17:24:33] INFO Processing: RET_Target 11\u2192Target 7 (2 intermediates)
[17:24:33] INFO   Cartesian distance: 294.4 mm
[17:24:33] INFO   From joints: [-79.95, 39.06, 31.62, 60.41, -91.58, -0.0]
[17:24:33] INFO   To   joints: [-69.98, 29.07, 41.63, -101.44, -11.36, -0.0]
[17:24:33] INFO 
  -- Intermediate 1: IW_Target11_Target7_1
[17:24:33] INFO      Joint config : [-76.6267, 35.73, 34.9567, 6.46, -64.84, -0.0]
[17:24:33] INFO      XYZ ref (lin): [183.4, -884.5, 887.4]
[17:24:33] INFO      FK TCP XYZ   : (230.2, -872.6, 960.4)
[17:24:33] INFO [LIMIT OK] IW_Target11_Target7_1: joints within safe range
[17:24:33] INFO [WORKSPACE OK] IW_Target11_Target7_1: XYZ=(230.2,-872.6,960.4)
[17:24:33] INFO [TARGET ADDED] IW_Target11_Target7_1 added to RoboDK station
[17:24:33] INFO 
  -- Intermediate 2: IW_Target11_Target7_2
[17:24:33] INFO      Joint config : [-73.3033, 32.4, 38.2933, -47.49, -38.1, -0.0]
[17:24:33] INFO      XYZ ref (lin): [280.2, -875.0, 900.6]
[17:24:33] INFO      FK TCP XYZ   : (353.8, -867.9, 939.9)
[17:24:33] INFO [LIMIT OK] IW_Target11_Target7_2: joints within safe range
[17:24:33] INFO [WORKSPACE OK] IW_Target11_Target7_2: XYZ=(353.8,-867.9,939.9)
[17:24:33] INFO [TARGET ADDED] IW_Target11_Target7_2 added to RoboDK station
[17:24:33] INFO 
=======================================================
[17:24:33] INFO Processing: RET_Target 7\u2192Target 4 (2 intermediates)
[17:24:33] INFO   Cartesian distance: 328.9 mm
[17:24:33] INFO   From joints: [-69.98, 29.07, 41.63, -101.44, -11.36, -0.0]
[17:24:33] INFO   To   joints: [-69.98, 31.07, 64.63, -116.44, -33.36, -0.0]
[17:24:33] INFO 
  -- Intermediate 1: IW_Target7_Target4_1
[17:24:33] INFO      Joint config : [-69.98, 29.7367, 49.2967, -106.44, -18.6933, -0.0]
[17:24:33] INFO      XYZ ref (lin): [391.9, -871.3, 805.4]
[17:24:33] INFO      FK TCP XYZ   : (399.8, -887.7, 808.2)
[17:24:33] INFO [LIMIT OK] IW_Target7_Target4_1: joints within safe range
[17:24:33] INFO [WORKSPACE OK] IW_Target7_Target4_1: XYZ=(399.8,-887.7,808.2)
[17:24:33] INFO [TARGET ADDED] IW_Target7_Target4_1 added to RoboDK station
[17:24:33] INFO 
  -- Intermediate 2: IW_Target7_Target4_2
[17:24:33] INFO      Joint config : [-69.98, 30.4033, 56.9633, -111.44, -26.0267, -0.0]
[17:24:33] INFO      XYZ ref (lin): [406.9, -877.0, 697.0]
[17:24:33] INFO      FK TCP XYZ   : (414.9, -893.6, 698.5)
[17:24:33] INFO [LIMIT OK] IW_Target7_Target4_2: joints within safe range
[17:24:33] INFO [WORKSPACE OK] IW_Target7_Target4_2: XYZ=(414.9,-893.6,698.5)
[17:24:33] INFO [TARGET ADDED] IW_Target7_Target4_2 added to RoboDK station
[17:24:33] INFO 
=======================================================
[17:24:33] INFO Processing: RET_Target 4\u2192Target 1 (2 intermediates)
[17:24:33] INFO   Cartesian distance: 970.5 mm
[17:24:33] INFO   From joints: [-69.98, 31.07, 64.63, -116.44, -33.36, -0.0]
[17:24:33] INFO   To   joints: [0.0, -0.0, 90.0, 0.0, -0.0, -0.0]
[17:24:33] INFO 
  -- Intermediate 1: IW_Target4_Target1_1
[17:24:33] INFO      Joint config : [-46.6533, 20.7133, 73.0867, -77.6267, -22.24, -0.0]
[17:24:33] INFO      XYZ ref (lin): [507.9, -577.0, 649.8]
[17:24:33] INFO      FK TCP XYZ   : (668.2, -592.4, 697.7)
[17:24:33] INFO [LIMIT OK] IW_Target4_Target1_1: joints within safe range
[17:24:33] INFO [WORKSPACE OK] IW_Target4_Target1_1: XYZ=(668.2,-592.4,697.7)
[17:24:33] INFO [TARGET ADDED] IW_Target4_Target1_1 added to RoboDK station
[17:24:33] INFO 
  -- Intermediate 2: IW_Target4_Target1_2
[17:24:33] INFO      Joint config : [-23.3267, 10.3567, 81.5433, -38.8133, -11.12, -0.0]
[17:24:33] INFO      XYZ ref (lin): [593.9, -271.3, 711.2]
[17:24:33] INFO      FK TCP XYZ   : (744.3, -267.5, 758.1)
[17:24:33] INFO [LIMIT OK] IW_Target4_Target1_2: joints within safe range
[17:24:33] INFO [WORKSPACE OK] IW_Target4_Target1_2: XYZ=(744.3,-267.5,758.1)
[17:24:33] INFO [TARGET ADDED] IW_Target4_Target1_2 added to RoboDK station
[17:24:33] INFO 
[SAVED] intermediate_waypoints.json
[17:24:37] INFO 
=======================================================
[17:24:37] INFO MOTION VALIDATION — moving through intermediates
[17:24:37] INFO Watch RoboDK for collisions. Press ENTER for each pair.
[17:24:50] INFO [AT START] Target 11a
[17:24:52] INFO [MOVE OK] IW_Target11a_Target11_1
[17:24:52] INFO   Commanded joints : [-79.94, 39.05, 31.62, -70.18, 29.95, 119.99]
[17:24:52] INFO   Actual joints    : [-79.94, 39.05, 31.62, -70.18, 29.95, 119.99]
[17:24:52] INFO   TCP XYZ          : (156.8, -1012.0, 834.3) mm
[17:24:52] INFO   TCP RPW          : (81.27, 33.21, -23.01) deg
[17:24:52] INFO [LIMIT OK] IW_Target11a_Target11_1: joints within safe range
[17:24:52] INFO [WORKSPACE OK] IW_Target11a_Target11_1: XYZ=(156.8,-1012.0,834.3)
[17:24:54] INFO [MOVE OK] IW_Target11a_Target11_2
[17:24:54] INFO   Commanded joints : [-79.95, 39.06, 31.62, -4.88, -30.81, 60.0]
[17:24:54] INFO   Actual joints    : [-79.95, 39.06, 31.62, -4.88, -30.81, 60.0]
[17:24:54] INFO   TCP XYZ          : (213.0, -973.6, 911.6) mm
[17:24:54] INFO   TCP RPW          : (33.78, 22.87, -16.21) deg
[17:24:54] INFO [LIMIT OK] IW_Target11a_Target11_2: joints within safe range
[17:24:54] INFO [WORKSPACE OK] IW_Target11a_Target11_2: XYZ=(213.0,-973.6,911.6)
[17:24:56] INFO [AT END] Target 11
[17:25:02] INFO [AT START] Target 13
[17:25:04] INFO [MOVE OK] IW_Target13_Target15_1
[17:25:04] INFO   Commanded joints : [-69.98, 29.06, 52.47, -105.47, -43.33, -0.0]
[17:25:04] INFO   Actual joints    : [-69.98, 29.06, 52.47, -105.47, -43.33, -0.0]
[17:25:04] INFO   TCP XYZ          : (431.0, -848.1, 767.8) mm
[17:25:04] INFO   TCP RPW          : (-94.44, -17.04, -117.13) deg
[17:25:04] INFO [LIMIT OK] IW_Target13_Target15_1: joints within safe range
[17:25:04] INFO [WORKSPACE OK] IW_Target13_Target15_1: XYZ=(431.0,-848.1,767.8)
[17:25:06] INFO [MOVE OK] IW_Target13_Target15_2
[17:25:06] INFO   Commanded joints : [-69.97, 29.06, 59.83, -85.84, 4.63, -0.0]
[17:25:06] INFO   Actual joints    : [-69.97, 29.06, 59.83, -85.84, 4.63, 0.0]
[17:25:06] INFO   TCP XYZ          : (359.1, -912.8, 706.9) mm
[17:25:06] INFO   TCP RPW          : (-89.23, 4.24, -164.54) deg
[17:25:06] INFO [LIMIT OK] IW_Target13_Target15_2: joints within safe range
[17:25:06] WARNING [SINGULARITY RISK] IW_Target13_Target15_2: J5=4.63 deg (near 0)
[17:25:06] INFO [WORKSPACE OK] IW_Target13_Target15_2: XYZ=(359.1,-912.8,706.9)
[17:25:07] INFO [AT END] Target 15
[17:25:28] INFO [AT START] Target 18
[17:25:30] INFO [MOVE OK] IW_Target18_Target2_1
[17:25:30] INFO   Commanded joints : [-80.25, 22.98, 64.31, -49.51, 67.96, -0.0]
[17:25:30] INFO   Actual joints    : [-80.25, 22.98, 64.31, -49.5, 67.96, -0.0]
[17:25:30] INFO   TCP XYZ          : (93.7, -845.5, 679.2) mm
[17:25:30] INFO   TCP RPW          : (-127.53, 16.70, 117.08) deg
[17:25:30] INFO [LIMIT OK] IW_Target18_Target2_1: joints within safe range
[17:25:30] INFO [WORKSPACE OK] IW_Target18_Target2_1: XYZ=(93.7,-845.5,679.2)
[17:25:31] INFO [MOVE OK] IW_Target18_Target2_2
[17:25:31] INFO   Commanded joints : [-81.53, 14.9, 71.41, -34.8, 20.32, -0.0]
[17:25:31] INFO   Actual joints    : [-81.54, 14.9, 71.41, -34.8, 20.31, -0.0]
[17:25:31] INFO   TCP XYZ          : (133.0, -822.2, 760.4) mm
[17:25:31] INFO   TCP RPW          : (-111.49, 52.26, 159.44) deg
[17:25:31] INFO [LIMIT OK] IW_Target18_Target2_2: joints within safe range
[17:25:31] INFO [WORKSPACE OK] IW_Target18_Target2_2: XYZ=(133.0,-822.2,760.4)
[17:25:33] INFO [MOVE OK] IW_Target18_Target2_3
[17:25:33] INFO   Commanded joints : [-82.82, 6.83, 78.52, -20.09, -27.33, -0.0]
[17:25:33] INFO   Actual joints    : [-82.82, 6.83, 78.52, -20.1, -27.33, -0.0]
[17:25:33] INFO   TCP XYZ          : (144.9, -721.4, 874.2) mm
[17:25:33] INFO   TCP RPW          : (-34.31, 52.59, -112.98) deg
[17:25:33] INFO [LIMIT OK] IW_Target18_Target2_3: joints within safe range
[17:25:33] INFO [WORKSPACE OK] IW_Target18_Target2_3: XYZ=(144.9,-721.4,874.2)
[17:25:34] INFO [AT END] Target 2
[17:25:41] INFO [AT START] Target 3
[17:25:42] INFO [MOVE OK] IW_Target3_Target4_1
[17:25:42] INFO   Commanded joints : [-80.57, 25.48, 65.18, -33.15, -64.58, -0.0]
[17:25:42] INFO   Actual joints    : [-80.57, 25.48, 65.18, -33.15, -64.58, 0.0]
[17:25:42] INFO   TCP XYZ          : (237.0, -851.3, 796.7) mm
[17:25:42] INFO   TCP RPW          : (-36.05, 21.70, -95.21) deg
[17:25:42] INFO [LIMIT OK] IW_Target3_Target4_1: joints within safe range
[17:25:42] INFO [WORKSPACE OK] IW_Target3_Target4_1: XYZ=(237.0,-851.3,796.7)
[17:25:43] INFO [MOVE OK] IW_Target3_Target4_2
[17:25:43] INFO   Commanded joints : [-77.04, 27.34, 65.0, -60.91, -54.17, -0.0]
[17:25:43] INFO   Actual joints    : [-77.04, 27.34, 65.0, -60.92, -54.17, 0.0]
[17:25:43] INFO   TCP XYZ          : (322.6, -865.7, 725.2) mm
[17:25:43] INFO   TCP RPW          : (-67.04, 18.50, -109.69) deg
[17:25:43] INFO [LIMIT OK] IW_Target3_Target4_2: joints within safe range
[17:25:43] INFO [WORKSPACE OK] IW_Target3_Target4_2: XYZ=(322.6,-865.7,725.2)
[17:25:45] INFO [MOVE OK] IW_Target3_Target4_3
[17:25:45] INFO   Commanded joints : [-73.51, 29.2, 64.81, -88.68, -43.77, -0.0]
[17:25:45] INFO   Actual joints    : [-73.51, 29.21, 64.81, -88.68, -43.76, -0.0]
[17:25:45] INFO   TCP XYZ          : (382.3, -874.9, 650.3) mm
[17:25:45] INFO   TCP RPW          : (-91.99, 3.73, -119.86) deg
[17:25:45] INFO [LIMIT OK] IW_Target3_Target4_3: joints within safe range
[17:25:45] INFO [WORKSPACE OK] IW_Target3_Target4_3: XYZ=(382.3,-874.9,650.3)
[17:25:46] INFO [AT END] Target 4
[17:25:53] INFO [AT START] Target 8a
[17:25:54] INFO [MOVE OK] IW_Target8a_Target9_1
[17:25:54] INFO   Commanded joints : [-73.3, 35.06, 41.11, -5.42, -62.55, -0.0]
[17:25:54] INFO   Actual joints    : [-73.3, 35.06, 41.11, -5.42, -62.55, -0.0]
[17:25:54] INFO   TCP XYZ          : (309.3, -875.7, 910.7) mm
[17:25:54] INFO   TCP RPW          : (-5.41, 13.50, -75.87) deg
[17:25:54] INFO [LIMIT OK] IW_Target8a_Target9_1: joints within safe range
[17:25:54] INFO [WORKSPACE OK] IW_Target8a_Target9_1: XYZ=(309.3,-875.7,910.7)
[17:25:56] INFO [MOVE OK] IW_Target8a_Target9_2
[17:25:56] INFO   Commanded joints : [-76.64, 37.07, 36.37, 33.5, -55.93, -0.0]
[17:25:56] INFO   Actual joints    : [-76.64, 37.07, 36.37, 33.5, -55.93, 0.0]
[17:25:56] INFO   TCP XYZ          : (199.5, -929.7, 906.0) mm
[17:25:56] INFO   TCP RPW          : (32.77, 12.22, -58.19) deg
[17:25:56] INFO [LIMIT OK] IW_Target8a_Target9_2: joints within safe range
[17:25:56] INFO [WORKSPACE OK] IW_Target8a_Target9_2: XYZ=(199.5,-929.7,906.0)
[17:25:57] INFO [AT END] Target 9
[17:26:20] INFO [AT START] Target 6
[17:26:21] INFO [MOVE OK] IW_Target6_Target7_1
[17:26:21] INFO   Commanded joints : [-69.98, 30.4, 54.96, -111.44, -4.69, -0.0]
[17:26:21] INFO   Actual joints    : [-69.98, 30.4, 54.96, -111.44, -4.69, 0.0]
[17:26:21] INFO   TCP XYZ          : (380.5, -916.6, 738.5) mm
[17:26:21] INFO   TCP RPW          : (-86.87, -21.70, -156.76) deg
[17:26:21] INFO [LIMIT OK] IW_Target6_Target7_1: joints within safe range
[17:26:21] WARNING [SINGULARITY RISK] IW_Target6_Target7_1: J5=-4.69 deg (near 0)
[17:26:21] INFO [WORKSPACE OK] IW_Target6_Target7_1: XYZ=(380.5,-916.6,738.5)
[17:26:22] INFO [MOVE OK] IW_Target6_Target7_2
[17:26:22] INFO   Commanded joints : [-69.98, 29.74, 48.3, -106.44, -8.03, -0.0]
[17:26:22] INFO   Actual joints    : [-69.98, 29.74, 48.3, -106.44, -8.03, 0.0]
[17:26:22] INFO   TCP XYZ          : (380.6, -896.5, 826.9) mm
[17:26:22] INFO   TCP RPW          : (-79.93, -17.64, -155.26) deg
[17:26:22] INFO [LIMIT OK] IW_Target6_Target7_2: joints within safe range
[17:26:22] INFO [WORKSPACE OK] IW_Target6_Target7_2: XYZ=(380.6,-896.5,826.9)
[17:26:23] INFO [AT END] Target 7
[17:26:23] INFO 
=======================================================
[17:26:23] INFO MOTION VALIDATION — moving through intermediates
[17:26:23] INFO Watch RoboDK for collisions. Press ENTER for each pair.
[17:26:31] INFO [AT START] Target 11
[17:26:33] INFO [MOVE OK] IW_Target11_Target7_1
[17:26:33] INFO   Commanded joints : [-76.63, 35.73, 34.96, 6.46, -64.84, -0.0]
[17:26:33] INFO   Actual joints    : [-76.63, 35.73, 34.96, 6.46, -64.84, -0.0]
[17:26:33] INFO   TCP XYZ          : (230.2, -872.6, 960.4) mm
[17:26:33] INFO   TCP RPW          : (6.13, 5.70, -73.87) deg
[17:26:33] INFO [LIMIT OK] IW_Target11_Target7_1: joints within safe range
[17:26:33] INFO [WORKSPACE OK] IW_Target11_Target7_1: XYZ=(230.2,-872.6,960.4)
[17:26:35] INFO [MOVE OK] IW_Target11_Target7_2
[17:26:35] INFO   Commanded joints : [-73.3, 32.4, 38.29, -47.49, -38.1, -0.0]
[17:26:35] INFO   Actual joints    : [-73.3, 32.4, 38.29, -47.49, -38.1, 0.0]
[17:26:35] INFO   TCP XYZ          : (353.8, -867.9, 939.9) mm
[17:26:35] INFO   TCP RPW          : (-46.78, 17.33, -110.72) deg
[17:26:35] INFO [LIMIT OK] IW_Target11_Target7_2: joints within safe range
[17:26:35] INFO [WORKSPACE OK] IW_Target11_Target7_2: XYZ=(353.8,-867.9,939.9)
[17:26:36] INFO [AT END] Target 7
[17:26:40] INFO [AT START] Target 7
[17:26:41] INFO [MOVE OK] IW_Target7_Target4_1
[17:26:41] INFO   Commanded joints : [-69.98, 29.74, 49.3, -106.44, -18.69, -0.0]
[17:26:41] INFO   Actual joints    : [-69.98, 29.74, 49.3, -106.44, -18.69, -0.0]
[17:26:41] INFO   TCP XYZ          : (399.8, -887.7, 808.2) mm
[17:26:41] INFO   TCP RPW          : (-84.47, -18.91, -143.80) deg
[17:26:41] INFO [LIMIT OK] IW_Target7_Target4_1: joints within safe range
[17:26:41] INFO [WORKSPACE OK] IW_Target7_Target4_1: XYZ=(399.8,-887.7,808.2)
[17:26:42] INFO [MOVE OK] IW_Target7_Target4_2
[17:26:42] INFO   Commanded joints : [-69.98, 30.4, 56.96, -111.44, -26.03, -0.0]
[17:26:42] INFO   Actual joints    : [-69.98, 30.4, 56.96, -111.44, -26.03, 0.0]
[17:26:42] INFO   TCP XYZ          : (414.9, -893.6, 698.5) mm
[17:26:42] INFO   TCP RPW          : (-97.29, -20.38, -133.14) deg
[17:26:42] INFO [LIMIT OK] IW_Target7_Target4_2: joints within safe range
[17:26:42] INFO [WORKSPACE OK] IW_Target7_Target4_2: XYZ=(414.9,-893.6,698.5)
[17:26:42] INFO [AT END] Target 4
[17:26:52] INFO [AT START] Target 4
[17:26:54] INFO [MOVE OK] IW_Target4_Target1_1
[17:26:54] INFO   Commanded joints : [-46.65, 20.71, 73.09, -77.63, -22.24, -0.0]
[17:26:54] INFO   Actual joints    : [-46.65, 20.71, 73.09, -77.63, -22.24, 0.0]
[17:26:54] INFO   TCP XYZ          : (668.2, -592.4, 697.7) mm
[17:26:54] INFO   TCP RPW          : (-88.85, 12.88, -114.70) deg
[17:26:54] INFO [LIMIT OK] IW_Target4_Target1_1: joints within safe range
[17:26:54] INFO [WORKSPACE OK] IW_Target4_Target1_1: XYZ=(668.2,-592.4,697.7)
[17:26:55] INFO [MOVE OK] IW_Target4_Target1_2
[17:26:55] INFO   Commanded joints : [-23.33, 10.36, 81.54, -38.81, -11.12, -0.0]
[17:26:55] INFO   Actual joints    : [-23.33, 10.36, 81.54, -38.81, -11.12, 0.0]
[17:26:55] INFO   TCP XYZ          : (744.3, -267.5, 758.1) mm
[17:26:55] INFO   TCP RPW          : (-79.36, 50.40, -98.10) deg
[17:26:55] INFO [LIMIT OK] IW_Target4_Target1_2: joints within safe range
[17:26:55] INFO [WORKSPACE OK] IW_Target4_Target1_2: XYZ=(744.3,-267.5,758.1)
[17:26:56] INFO [AT END] Target 1
[17:26:56] INFO [SAVED] Motion validation results appended to intermediate_waypoints.json
[17:26:56] INFO 
[DONE] Review intermediate_waypoints.log for full health report.
